# JRE version: OpenJDK Runtime Environment (11.0.15) (build 11.0.15+0-b2043.56-8887301)
# Java VM: OpenJDK 64-Bit Server VM (11.0.15+0-b2043.56-8887301, mixed mode, tiered, compressed oops, g1 gc, windows-amd64)
Heap:
 garbage-first heap   total 215040K, used 68217K [0x0000000080000000, 0x0000000100000000)
  region size 1024K, 9 young (9216K), 2 survivors (2048K)
 Metaspace       used 73033K, capacity 74696K, committed 74832K, reserved 1114112K
  class space    used 9244K, capacity 9911K, committed 9932K, reserved 1048576K
GC Heap History (20 events):
Event: 52.412 GC heap before
{Heap before GC invocations=58 (full 0):
 garbage-first heap   total 69632K, used 57626K [0x0000000080000000, 0x0000000100000000)
  region size 1024K, 6 young (6144K), 1 survivors (1024K)
 Metaspace       used 60606K, capacity 61983K, committed 62160K, reserved 1103872K
  class space    used 7663K, capacity 8233K, committed 8268K, reserved 1048576K
}
Event: 52.416 GC heap after
{Heap after GC invocations=59 (full 0):
 garbage-first heap   total 83968K, used 52736K [0x0000000080000000, 0x0000000100000000)
  region size 1024K, 1 young (1024K), 1 survivors (1024K)
 Metaspace       used 60606K, capacity 61983K, committed 62160K, reserved 1103872K
  class space    used 7663K, capacity 8233K, committed 8268K, reserved 1048576K
}
Event: 53.008 GC heap before
{Heap before GC invocations=59 (full 0):
 garbage-first heap   total 83968K, used 62976K [0x0000000080000000, 0x0000000100000000)
  region size 1024K, 12 young (12288K), 1 survivors (1024K)
 Metaspace       used 62616K, capacity 64051K, committed 64208K, reserved 1105920K
  class space    used 7858K, capacity 8433K, committed 8524K, reserved 1048576K
}
Event: 53.019 GC heap after
{Heap after GC invocations=60 (full 0):
 garbage-first heap   total 83968K, used 52961K [0x0000000080000000, 0x0000000100000000)
  region size 1024K, 1 young (1024K), 1 survivors (1024K)
 Metaspace       used 62616K, capacity 64051K, committed 64208K, reserved 1105920K
  class space    used 7858K, capacity 8433K, committed 8524K, reserved 1048576K
}
Event: 53.714 GC heap before
{Heap before GC invocations=61 (full 0):
 garbage-first heap   total 83968K, used 64225K [0x0000000080000000, 0x0000000100000000)
  region size 1024K, 12 young (12288K), 1 survivors (1024K)
 Metaspace       used 63576K, capacity 65081K, committed 65360K, reserved 1105920K
  class space    used 8013K, capacity 8628K, committed 8652K, reserved 1048576K
}
Event: 53.718 GC heap after
{Heap after GC invocations=62 (full 0):
 garbage-first heap   total 83968K, used 53397K [0x0000000080000000, 0x0000000100000000)
  region size 1024K, 2 young (2048K), 2 survivors (2048K)
 Metaspace       used 63576K, capacity 65081K, committed 65360K, reserved 1105920K
  class space    used 8013K, capacity 8628K, committed 8652K, reserved 1048576K
}
Event: 54.606 GC heap before
{Heap before GC invocations=62 (full 0):
 garbage-first heap   total 83968K, used 64661K [0x0000000080000000, 0x0000000100000000)
  region size 1024K, 13 young (13312K), 2 survivors (2048K)
 Metaspace       used 65462K, capacity 67024K, committed 67152K, reserved 1107968K
  class space    used 8269K, capacity 8894K, committed 8908K, reserved 1048576K
}
Event: 54.623 GC heap after
{Heap after GC invocations=63 (full 0):
 garbage-first heap   total 83968K, used 54165K [0x0000000080000000, 0x0000000100000000)
  region size 1024K, 2 young (2048K), 2 survivors (2048K)
 Metaspace       used 65462K, capacity 67024K, committed 67152K, reserved 1107968K
  class space    used 8269K, capacity 8894K, committed 8908K, reserved 1048576K
}
Event: 54.987 GC heap before
{Heap before GC invocations=64 (full 0):
 garbage-first heap   total 83968K, used 60309K [0x0000000080000000, 0x0000000100000000)
  region size 1024K, 9 young (9216K), 2 survivors (2048K)
 Metaspace       used 65926K, capacity 67487K, committed 67792K, reserved 1107968K
  class space    used 8329K, capacity 8961K, committed 9036K, reserved 1048576K
}
Event: 54.999 GC heap after
{Heap after GC invocations=65 (full 0):
 garbage-first heap   total 107520K, used 55207K [0x0000000080000000, 0x0000000100000000)
  region size 1024K, 2 young (2048K), 2 survivors (2048K)
 Metaspace       used 65926K, capacity 67487K, committed 67792K, reserved 1107968K
  class space    used 8329K, capacity 8961K, committed 9036K, reserved 1048576K
}
Event: 55.208 GC heap before
{Heap before GC invocations=66 (full 0):
 garbage-first heap   total 107520K, used 69543K [0x0000000080000000, 0x0000000100000000)
  region size 1024K, 12 young (12288K), 2 survivors (2048K)
 Metaspace       used 65932K, capacity 67493K, committed 67792K, reserved 1107968K
  class space    used 8330K, capacity 8962K, committed 9036K, reserved 1048576K
}
Event: 55.255 GC heap after
{Heap after GC invocations=67 (full 0):
 garbage-first heap   total 107520K, used 61886K [0x0000000080000000, 0x0000000100000000)
  region size 1024K, 3 young (3072K), 3 survivors (3072K)
 Metaspace       used 65932K, capacity 67493K, committed 67792K, reserved 1107968K
  class space    used 8330K, capacity 8962K, committed 9036K, reserved 1048576K
}
Event: 56.734 GC heap before
{Heap before GC invocations=68 (full 0):
 garbage-first heap   total 107520K, used 80318K [0x0000000080000000, 0x0000000100000000)
  region size 1024K, 20 young (20480K), 3 survivors (3072K)
 Metaspace       used 67459K, capacity 69054K, committed 69328K, reserved 1110016K
  class space    used 8523K, capacity 9157K, committed 9292K, reserved 1048576K
}
Event: 56.742 GC heap after
{Heap after GC invocations=69 (full 0):
 garbage-first heap   total 107520K, used 59455K [0x0000000080000000, 0x0000000100000000)
  region size 1024K, 1 young (1024K), 1 survivors (1024K)
 Metaspace       used 67459K, capacity 69054K, committed 69328K, reserved 1110016K
  class space    used 8523K, capacity 9157K, committed 9292K, reserved 1048576K
}
Event: 57.645 GC heap before
{Heap before GC invocations=69 (full 0):
 garbage-first heap   total 107520K, used 79935K [0x0000000080000000, 0x0000000100000000)
  region size 1024K, 21 young (21504K), 1 survivors (1024K)
 Metaspace       used 68634K, capacity 70251K, committed 70480K, reserved 1110016K
  class space    used 8661K, capacity 9293K, committed 9420K, reserved 1048576K
}
Event: 57.657 GC heap after
{Heap after GC invocations=70 (full 0):
 garbage-first heap   total 107520K, used 60864K [0x0000000080000000, 0x0000000100000000)
  region size 1024K, 3 young (3072K), 3 survivors (3072K)
 Metaspace       used 68634K, capacity 70251K, committed 70480K, reserved 1110016K
  class space    used 8661K, capacity 9293K, committed 9420K, reserved 1048576K
}
Event: 59.387 GC heap before
{Heap before GC invocations=71 (full 0):
 garbage-first heap   total 107520K, used 74176K [0x0000000080000000, 0x0000000100000000)
  region size 1024K, 18 young (18432K), 3 survivors (3072K)
 Metaspace       used 69841K, capacity 71465K, committed 71632K, reserved 1112064K
  class space    used 8831K, capacity 9460K, committed 9548K, reserved 1048576K
}
Event: 59.601 GC heap after
{Heap after GC invocations=72 (full 0):
 garbage-first heap   total 107520K, used 61135K [0x0000000080000000, 0x0000000100000000)
  region size 1024K, 2 young (2048K), 2 survivors (2048K)
 Metaspace       used 69841K, capacity 71465K, committed 71632K, reserved 1112064K
  class space    used 8831K, capacity 9460K, committed 9548K, reserved 1048576K
}
Event: 63.652 GC heap before
{Heap before GC invocations=73 (full 0):
 garbage-first heap   total 107520K, used 83663K [0x0000000080000000, 0x0000000100000000)
  region size 1024K, 23 young (23552K), 2 survivors (2048K)
 Metaspace       used 71895K, capacity 73500K, committed 73680K, reserved 1114112K
  class space    used 9100K, capacity 9749K, committed 9804K, reserved 1048576K
}
Event: 64.078 GC heap after
{Heap after GC invocations=74 (full 0):
 garbage-first heap   total 215040K, used 61707K [0x0000000080000000, 0x0000000100000000)
  region size 1024K, 2 young (2048K), 2 survivors (2048K)
 Metaspace       used 71895K, capacity 73500K, committed 73680K, reserved 1114112K
  class space    used 9100K, capacity 9749K, committed 9804K, reserved 1048576K
}

