# JRE version: OpenJDK Runtime Environment (11.0.15) (build 11.0.15+0-b2043.56-8887301)
# Java VM: OpenJDK 64-Bit Server VM (11.0.15+0-b2043.56-8887301, mixed mode, tiered, compressed oops, g1 gc, windows-amd64)
Heap:
 garbage-first heap   total 146432K, used 87735K [0x0000000080000000, 0x0000000100000000)
  region size 1024K, 21 young (21504K), 3 survivors (3072K)
 Metaspace       used 81840K, capacity 83725K, committed 83888K, reserved 1122304K
  class space    used 10667K, capacity 11419K, committed 11520K, reserved 1048576K
GC Heap History (20 events):
Event: 21.621 GC heap before
{Heap before GC invocations=36 (full 0):
 garbage-first heap   total 101376K, used 76908K [0x0000000080000000, 0x0000000100000000)
  region size 1024K, 20 young (20480K), 1 survivors (1024K)
 Metaspace       used 63211K, capacity 64819K, committed 64944K, reserved 1105920K
  class space    used 7984K, capacity 8628K, committed 8704K, reserved 1048576K
}
Event: 21.627 GC heap after
{Heap after GC invocations=37 (full 0):
 garbage-first heap   total 101376K, used 58875K [0x0000000080000000, 0x0000000100000000)
  region size 1024K, 3 young (3072K), 3 survivors (3072K)
 Metaspace       used 63211K, capacity 64819K, committed 64944K, reserved 1105920K
  class space    used 7984K, capacity 8628K, committed 8704K, reserved 1048576K
}
Event: 21.925 GC heap before
{Heap before GC invocations=38 (full 0):
 garbage-first heap   total 101376K, used 71163K [0x0000000080000000, 0x0000000100000000)
  region size 1024K, 18 young (18432K), 3 survivors (3072K)
 Metaspace       used 64426K, capacity 66032K, committed 66096K, reserved 1105920K
  class space    used 8154K, capacity 8795K, committed 8832K, reserved 1048576K
}
Event: 21.932 GC heap after
{Heap after GC invocations=39 (full 0):
 garbage-first heap   total 101376K, used 58965K [0x0000000080000000, 0x0000000100000000)
  region size 1024K, 2 young (2048K), 2 survivors (2048K)
 Metaspace       used 64426K, capacity 66032K, committed 66096K, reserved 1105920K
  class space    used 8154K, capacity 8795K, committed 8832K, reserved 1048576K
}
Event: 22.543 GC heap before
{Heap before GC invocations=40 (full 0):
 garbage-first heap   total 101376K, used 80469K [0x0000000080000000, 0x0000000100000000)
  region size 1024K, 22 young (22528K), 2 survivors (2048K)
 Metaspace       used 66418K, capacity 67967K, committed 68144K, reserved 1107968K
  class space    used 8413K, capacity 9050K, committed 9088K, reserved 1048576K
}
Event: 22.549 GC heap after
{Heap after GC invocations=41 (full 0):
 garbage-first heap   total 101376K, used 59316K [0x0000000080000000, 0x0000000100000000)
  region size 1024K, 2 young (2048K), 2 survivors (2048K)
 Metaspace       used 66418K, capacity 67967K, committed 68144K, reserved 1107968K
  class space    used 8413K, capacity 9050K, committed 9088K, reserved 1048576K
}
Event: 23.026 GC heap before
{Heap before GC invocations=41 (full 0):
 garbage-first heap   total 101376K, used 80820K [0x0000000080000000, 0x0000000100000000)
  region size 1024K, 23 young (23552K), 2 survivors (2048K)
 Metaspace       used 67768K, capacity 69403K, committed 69680K, reserved 1110016K
  class space    used 8591K, capacity 9248K, committed 9344K, reserved 1048576K
}
Event: 23.033 GC heap after
{Heap after GC invocations=42 (full 0):
 garbage-first heap   total 101376K, used 60924K [0x0000000080000000, 0x0000000100000000)
  region size 1024K, 3 young (3072K), 3 survivors (3072K)
 Metaspace       used 67768K, capacity 69403K, committed 69680K, reserved 1110016K
  class space    used 8591K, capacity 9248K, committed 9344K, reserved 1048576K
}
Event: 23.355 GC heap before
{Heap before GC invocations=43 (full 0):
 garbage-first heap   total 101376K, used 82428K [0x0000000080000000, 0x0000000100000000)
  region size 1024K, 24 young (24576K), 3 survivors (3072K)
 Metaspace       used 67810K, capacity 69507K, committed 69680K, reserved 1110016K
  class space    used 8598K, capacity 9284K, committed 9344K, reserved 1048576K
}
Event: 23.367 GC heap after
{Heap after GC invocations=44 (full 0):
 garbage-first heap   total 101376K, used 62459K [0x0000000080000000, 0x0000000100000000)
  region size 1024K, 3 young (3072K), 3 survivors (3072K)
 Metaspace       used 67810K, capacity 69507K, committed 69680K, reserved 1110016K
  class space    used 8598K, capacity 9284K, committed 9344K, reserved 1048576K
}
Event: 23.617 GC heap before
{Heap before GC invocations=44 (full 0):
 garbage-first heap   total 101376K, used 82939K [0x0000000080000000, 0x0000000100000000)
  region size 1024K, 23 young (23552K), 3 survivors (3072K)
 Metaspace       used 68449K, capacity 70117K, committed 70192K, reserved 1110016K
  class space    used 8657K, capacity 9317K, committed 9344K, reserved 1048576K
}
Event: 23.626 GC heap after
{Heap after GC invocations=45 (full 0):
 garbage-first heap   total 121856K, used 63879K [0x0000000080000000, 0x0000000100000000)
  region size 1024K, 3 young (3072K), 3 survivors (3072K)
 Metaspace       used 68449K, capacity 70117K, committed 70192K, reserved 1110016K
  class space    used 8657K, capacity 9317K, committed 9344K, reserved 1048576K
}
Event: 24.340 GC heap before
{Heap before GC invocations=46 (full 0):
 garbage-first heap   total 121856K, used 90503K [0x0000000080000000, 0x0000000100000000)
  region size 1024K, 29 young (29696K), 3 survivors (3072K)
 Metaspace       used 71655K, capacity 73324K, committed 73648K, reserved 1114112K
  class space    used 9206K, capacity 9895K, committed 9984K, reserved 1048576K
}
Event: 24.346 GC heap after
{Heap after GC invocations=47 (full 0):
 garbage-first heap   total 121856K, used 65319K [0x0000000080000000, 0x0000000100000000)
  region size 1024K, 3 young (3072K), 3 survivors (3072K)
 Metaspace       used 71655K, capacity 73324K, committed 73648K, reserved 1114112K
  class space    used 9206K, capacity 9895K, committed 9984K, reserved 1048576K
}
Event: 25.088 GC heap before
{Heap before GC invocations=47 (full 0):
 garbage-first heap   total 121856K, used 92967K [0x0000000080000000, 0x0000000100000000)
  region size 1024K, 30 young (30720K), 3 survivors (3072K)
 Metaspace       used 74377K, capacity 76066K, committed 76336K, reserved 1116160K
  class space    used 9622K, capacity 10309K, committed 10368K, reserved 1048576K
}
Event: 25.102 GC heap after
{Heap after GC invocations=48 (full 0):
 garbage-first heap   total 121856K, used 66964K [0x0000000080000000, 0x0000000100000000)
  region size 1024K, 3 young (3072K), 3 survivors (3072K)
 Metaspace       used 74377K, capacity 76066K, committed 76336K, reserved 1116160K
  class space    used 9622K, capacity 10309K, committed 10368K, reserved 1048576K
}
Event: 26.060 GC heap before
{Heap before GC invocations=49 (full 0):
 garbage-first heap   total 121856K, used 94612K [0x0000000080000000, 0x0000000100000000)
  region size 1024K, 30 young (30720K), 3 survivors (3072K)
 Metaspace       used 76910K, capacity 78785K, committed 79024K, reserved 1118208K
  class space    used 9989K, capacity 10734K, committed 10752K, reserved 1048576K
}
Event: 26.070 GC heap after
{Heap after GC invocations=50 (full 0):
 garbage-first heap   total 121856K, used 69217K [0x0000000080000000, 0x0000000100000000)
  region size 1024K, 4 young (4096K), 4 survivors (4096K)
 Metaspace       used 76910K, capacity 78785K, committed 79024K, reserved 1118208K
  class space    used 9989K, capacity 10734K, committed 10752K, reserved 1048576K
}
Event: 26.826 GC heap before
{Heap before GC invocations=50 (full 0):
 garbage-first heap   total 121856K, used 96865K [0x0000000080000000, 0x0000000100000000)
  region size 1024K, 31 young (31744K), 4 survivors (4096K)
 Metaspace       used 79342K, capacity 81198K, committed 81456K, reserved 1120256K
  class space    used 10380K, capacity 11105K, committed 11136K, reserved 1048576K
}
Event: 26.842 GC heap after
{Heap after GC invocations=51 (full 0):
 garbage-first heap   total 146432K, used 70327K [0x0000000080000000, 0x0000000100000000)
  region size 1024K, 3 young (3072K), 3 survivors (3072K)
 Metaspace       used 79342K, capacity 81198K, committed 81456K, reserved 1120256K
  class space    used 10380K, capacity 11105K, committed 11136K, reserved 1048576K
}

