# JRE version: OpenJDK Runtime Environment (11.0.15) (build 11.0.15+0-b2043.56-8887301)
# Java VM: OpenJDK 64-Bit Server VM (11.0.15+0-b2043.56-8887301, mixed mode, tiered, compressed oops, g1 gc, windows-amd64)
Heap:
 garbage-first heap   total 274432K, used 164907K [0x0000000080000000, 0x0000000100000000)
  region size 1024K, 57 young (58368K), 9 survivors (9216K)
 Metaspace       used 108610K, capacity 111455K, committed 111536K, reserved 1146880K
  class space    used 13675K, capacity 14781K, committed 14848K, reserved 1048576K
GC Heap History (20 events):
Event: 25.894 GC heap before
{Heap before GC invocations=43 (full 0):
 garbage-first heap   total 228352K, used 161280K [0x0000000080000000, 0x0000000100000000)
  region size 1024K, 39 young (39936K), 1 survivors (1024K)
 Metaspace       used 92917K, capacity 95357K, committed 95664K, reserved 1132544K
  class space    used 11953K, capacity 12901K, committed 13056K, reserved 1048576K
}
Event: 25.916 GC heap after
{Heap after GC invocations=44 (full 0):
 garbage-first heap   total 228352K, used 123904K [0x0000000080000000, 0x0000000100000000)
  region size 1024K, 5 young (5120K), 5 survivors (5120K)
 Metaspace       used 92917K, capacity 95357K, committed 95664K, reserved 1132544K
  class space    used 11953K, capacity 12901K, committed 13056K, reserved 1048576K
}
Event: 25.937 GC heap before
{Heap before GC invocations=44 (full 0):
 garbage-first heap   total 228352K, used 124928K [0x0000000080000000, 0x0000000100000000)
  region size 1024K, 7 young (7168K), 5 survivors (5120K)
 Metaspace       used 92917K, capacity 95357K, committed 95664K, reserved 1132544K
  class space    used 11953K, capacity 12901K, committed 13056K, reserved 1048576K
}
Event: 25.956 GC heap after
{Heap after GC invocations=45 (full 0):
 garbage-first heap   total 228352K, used 125784K [0x0000000080000000, 0x0000000100000000)
  region size 1024K, 2 young (2048K), 2 survivors (2048K)
 Metaspace       used 92917K, capacity 95357K, committed 95664K, reserved 1132544K
  class space    used 11953K, capacity 12901K, committed 13056K, reserved 1048576K
}
Event: 26.572 GC heap before
{Heap before GC invocations=46 (full 0):
 garbage-first heap   total 228352K, used 169816K [0x0000000080000000, 0x0000000100000000)
  region size 1024K, 31 young (31744K), 2 survivors (2048K)
 Metaspace       used 93613K, capacity 96165K, committed 96432K, reserved 1132544K
  class space    used 12010K, capacity 12985K, committed 13056K, reserved 1048576K
}
Event: 26.586 GC heap after
{Heap after GC invocations=47 (full 0):
 garbage-first heap   total 274432K, used 127465K [0x0000000080000000, 0x0000000100000000)
  region size 1024K, 4 young (4096K), 4 survivors (4096K)
 Metaspace       used 93613K, capacity 96165K, committed 96432K, reserved 1132544K
  class space    used 12010K, capacity 12985K, committed 13056K, reserved 1048576K
}
Event: 27.470 GC heap before
{Heap before GC invocations=47 (full 0):
 garbage-first heap   total 274432K, used 177641K [0x0000000080000000, 0x0000000100000000)
  region size 1024K, 54 young (55296K), 4 survivors (4096K)
 Metaspace       used 96878K, capacity 99393K, committed 99504K, reserved 1136640K
  class space    used 12269K, capacity 13257K, committed 13312K, reserved 1048576K
}
Event: 27.504 GC heap after
{Heap after GC invocations=48 (full 0):
 garbage-first heap   total 274432K, used 133693K [0x0000000080000000, 0x0000000100000000)
  region size 1024K, 6 young (6144K), 6 survivors (6144K)
 Metaspace       used 96878K, capacity 99393K, committed 99504K, reserved 1136640K
  class space    used 12269K, capacity 13257K, committed 13312K, reserved 1048576K
}
Event: 28.315 GC heap before
{Heap before GC invocations=49 (full 0):
 garbage-first heap   total 274432K, used 168509K [0x0000000080000000, 0x0000000100000000)
  region size 1024K, 58 young (59392K), 6 survivors (6144K)
 Metaspace       used 97716K, capacity 100293K, committed 100656K, reserved 1136640K
  class space    used 12333K, capacity 13321K, committed 13440K, reserved 1048576K
}
Event: 28.328 GC heap after
{Heap after GC invocations=50 (full 0):
 garbage-first heap   total 274432K, used 116198K [0x0000000080000000, 0x0000000100000000)
  region size 1024K, 2 young (2048K), 2 survivors (2048K)
 Metaspace       used 97716K, capacity 100293K, committed 100656K, reserved 1136640K
  class space    used 12333K, capacity 13321K, committed 13440K, reserved 1048576K
}
Event: 28.562 GC heap before
{Heap before GC invocations=50 (full 0):
 garbage-first heap   total 274432K, used 126438K [0x0000000080000000, 0x0000000100000000)
  region size 1024K, 13 young (13312K), 2 survivors (2048K)
 Metaspace       used 97971K, capacity 100471K, committed 100656K, reserved 1136640K
  class space    used 12353K, capacity 13338K, committed 13440K, reserved 1048576K
}
Event: 28.569 GC heap after
{Heap after GC invocations=51 (full 0):
 garbage-first heap   total 274432K, used 110498K [0x0000000080000000, 0x0000000100000000)
  region size 1024K, 1 young (1024K), 1 survivors (1024K)
 Metaspace       used 97971K, capacity 100471K, committed 100656K, reserved 1136640K
  class space    used 12353K, capacity 13338K, committed 13440K, reserved 1048576K
}
Event: 29.290 GC heap before
{Heap before GC invocations=51 (full 0):
 garbage-first heap   total 274432K, used 179106K [0x0000000080000000, 0x0000000100000000)
  region size 1024K, 67 young (68608K), 1 survivors (1024K)
 Metaspace       used 98114K, capacity 100630K, committed 100912K, reserved 1136640K
  class space    used 12367K, capacity 13347K, committed 13440K, reserved 1048576K
}
Event: 29.297 GC heap after
{Heap after GC invocations=52 (full 0):
 garbage-first heap   total 274432K, used 113570K [0x0000000080000000, 0x0000000100000000)
  region size 1024K, 2 young (2048K), 2 survivors (2048K)
 Metaspace       used 98114K, capacity 100630K, committed 100912K, reserved 1136640K
  class space    used 12367K, capacity 13347K, committed 13440K, reserved 1048576K
}
Event: 29.850 GC heap before
{Heap before GC invocations=52 (full 0):
 garbage-first heap   total 274432K, used 185250K [0x0000000080000000, 0x0000000100000000)
  region size 1024K, 73 young (74752K), 2 survivors (2048K)
 Metaspace       used 98119K, capacity 100630K, committed 100912K, reserved 1136640K
  class space    used 12367K, capacity 13347K, committed 13440K, reserved 1048576K
}
Event: 29.857 GC heap after
{Heap after GC invocations=53 (full 0):
 garbage-first heap   total 274432K, used 114594K [0x0000000080000000, 0x0000000100000000)
  region size 1024K, 3 young (3072K), 3 survivors (3072K)
 Metaspace       used 98119K, capacity 100630K, committed 100912K, reserved 1136640K
  class space    used 12367K, capacity 13347K, committed 13440K, reserved 1048576K
}
Event: 31.690 GC heap before
{Heap before GC invocations=53 (full 0):
 garbage-first heap   total 274432K, used 194466K [0x0000000080000000, 0x0000000100000000)
  region size 1024K, 79 young (80896K), 3 survivors (3072K)
 Metaspace       used 101486K, capacity 104000K, committed 104112K, reserved 1140736K
  class space    used 12789K, capacity 13793K, committed 13824K, reserved 1048576K
}
Event: 31.700 GC heap after
{Heap after GC invocations=54 (full 0):
 garbage-first heap   total 274432K, used 112539K [0x0000000080000000, 0x0000000100000000)
  region size 1024K, 3 young (3072K), 3 survivors (3072K)
 Metaspace       used 101486K, capacity 104000K, committed 104112K, reserved 1140736K
  class space    used 12789K, capacity 13793K, committed 13824K, reserved 1048576K
}
Event: 35.764 GC heap before
{Heap before GC invocations=54 (full 0):
 garbage-first heap   total 274432K, used 212891K [0x0000000080000000, 0x0000000100000000)
  region size 1024K, 102 young (104448K), 3 survivors (3072K)
 Metaspace       used 105282K, capacity 108001K, committed 108208K, reserved 1142784K
  class space    used 13206K, capacity 14277K, committed 14336K, reserved 1048576K
}
Event: 35.782 GC heap after
{Heap after GC invocations=55 (full 0):
 garbage-first heap   total 274432K, used 117803K [0x0000000080000000, 0x0000000100000000)
  region size 1024K, 9 young (9216K), 9 survivors (9216K)
 Metaspace       used 105282K, capacity 108001K, committed 108208K, reserved 1142784K
  class space    used 13206K, capacity 14277K, committed 14336K, reserved 1048576K
}

